[storage] appDataRoot=C:\Users\skkt3\ドキュメント\Github\my-trpg-app
[storage] logsDir=C:\Users\skkt3\ドキュメント\Github\my-trpg-app\logs
[storage] useMongoDB=true
[storage] mongoPrimaryData=true
[excel] watching C:\Users\skkt3\ドキュメント\Github\my-trpg-app\data.xlsx
Server is running on http://localhost:43151
[mongo] targeted loaded characters=73 skills=6877
[mongo] primary loaded users=8 characters=73 items=4233 skills=6877
[mongo] primary loaded users=8 characters=73 items=4233 skills=6877
[mongo] primary loaded users=8 characters=73 items=4233 skills=6877
[mongo] primary loaded users=8 characters=73 items=4233 skills=6877
[mongo] primary loaded users=8 characters=73 items=4233 skills=6877
[mongo] primary loaded users=8 characters=73 items=4233 skills=6877
[mongo] primary loaded users=8 characters=73 items=4233 skills=6877
[mongo] primary loaded users=8 characters=73 items=4233 skills=6877
[mongo] primary loaded users=8 characters=73 items=4233 skills=6877
[mongo] primary loaded users=8 characters=73 items=4233 skills=6877
[mongo] primary loaded users=8 characters=73 items=4233 skills=6877
[mongo] primary loaded users=8 characters=73 items=4233 skills=6877
[mongo] primary loaded users=8 characters=73 items=4233 skills=6877
[mongo] primary loaded users=8 characters=73 items=4233 skills=6877
[mongo] primary loaded users=8 characters=73 items=4233 skills=6877
[mongo] primary loaded users=8 characters=73 items=4233 skills=6877
[mongo] primary loaded users=8 characters=73 items=4233 skills=6877
[mongo] primary loaded users=8 characters=73 items=4233 skills=6877
[mongo] primary loaded users=8 characters=73 items=4233 skills=6877
[select-log] flushed reason=interval-idle buffer=0
[mongo] primary loaded users=8 characters=73 items=4233 skills=6877
[mongo] primary loaded users=8 characters=73 items=4233 skills=6877
[mongo] primary loaded users=8 characters=73 items=4233 skills=6877
[mongo] primary loaded users=8 characters=73 items=4233 skills=6877
[mongo] primary loaded users=8 characters=73 items=4233 skills=6877
[mongo] primary loaded users=8 characters=73 items=4233 skills=6877
[mongo] primary loaded users=8 characters=73 items=4233 skills=6877
[mongo] primary loaded users=8 characters=73 items=4233 skills=6877
[mongo] primary loaded users=8 characters=73 items=4233 skills=6877
[mongo] primary loaded users=8 characters=73 items=4233 skills=6877
[mongo] primary loaded users=8 characters=73 items=4233 skills=6877
[mongo] primary loaded users=8 characters=73 items=4233 skills=6877
[mongo] primary loaded users=8 characters=73 items=4233 skills=6877
[mongo] primary loaded users=8 characters=73 items=4233 skills=6877
[mongo] primary loaded users=8 characters=73 items=4233 skills=6877
[mongo] primary loaded users=8 characters=73 items=4233 skills=6877
[mongo] primary loaded users=8 characters=73 items=4233 skills=6877
[mongo] primary loaded users=8 characters=73 items=4233 skills=6877
[mongo] primary loaded users=8 characters=73 items=4233 skills=6877
[mongo] primary loaded users=8 characters=73 items=4233 skills=6877
[mongo] primary loaded users=8 characters=73 items=4233 skills=6877
[mongo] primary loaded users=8 characters=73 items=4233 skills=6877
[mongo] primary loaded users=8 characters=73 items=4233 skills=6877
[mongo] primary loaded users=8 characters=73 items=4233 skills=6877
[mongo] primary loaded users=8 characters=73 items=4233 skills=6877
[mongo] primary loaded users=8 characters=73 items=4233 skills=6877
[mongo] primary loaded users=8 characters=73 items=4233 skills=6877
[mongo] primary loaded users=8 characters=73 items=4233 skills=6877
[mongo] primary loaded users=8 characters=73 items=4233 skills=6877
[mongo] primary loaded users=8 characters=73 items=4233 skills=6877
[mongo] primary loaded users=8 characters=73 items=4233 skills=6877
[mongo] primary loaded users=8 characters=73 items=4233 skills=6877
[mongo] primary loaded users=8 characters=73 items=4233 skills=6877
[mongo] primary loaded users=8 characters=73 items=4233 skills=6877
[mongo] primary loaded users=8 characters=73 items=4233 skills=6877
[mongo] primary loaded users=8 characters=73 items=4233 skills=6877
[mongo] primary loaded users=8 characters=73 items=4233 skills=6877
[mongo] primary loaded users=8 characters=73 items=4233 skills=6877
[mongo] primary loaded users=8 characters=73 items=4233 skills=6877
[mongo] primary loaded users=8 characters=73 items=4233 skills=6877
[mongo] primary loaded users=8 characters=73 items=4233 skills=6877
[mongo] primary loaded users=8 characters=73 items=4233 skills=6877
[mongo] primary loaded users=8 characters=73 items=4233 skills=6877
[mongo] primary loaded users=8 characters=73 items=4233 skills=6877
[mongo] primary loaded users=8 characters=73 items=4233 skills=6877
[mongo] primary loaded users=8 characters=73 items=4233 skills=6877
[mongo] primary loaded users=8 characters=73 items=4233 skills=6877
[mongo] primary loaded users=8 characters=73 items=4233 skills=6877
Excel data loaded successfully
Excel data loaded successfully
[excel] reloaded (fs.watch:change)
[mongo] primary loaded users=8 characters=73 items=4233 skills=6877
[mongo] primary loaded users=8 characters=73 items=4233 skills=6877
[mongo] primary loaded users=8 characters=73 items=4233 skills=6877
[mongo] primary loaded users=8 characters=73 items=4233 skills=6877
[mongo] primary loaded users=8 characters=73 items=4233 skills=6877
[mongo] primary loaded users=8 characters=73 items=4233 skills=6877
[mongo] primary loaded users=8 characters=73 items=4233 skills=6877
[mongo] primary loaded users=8 characters=73 items=4233 skills=6877
[mongo] primary loaded users=8 characters=73 items=4233 skills=6877
[mongo] primary loaded users=8 characters=73 items=4233 skills=6877
[mongo] primary loaded users=8 characters=73 items=4233 skills=6877
[mongo] primary loaded users=8 characters=73 items=4233 skills=6877
[mongo] primary loaded users=8 characters=73 items=4233 skills=6877
[mongo] primary loaded users=8 characters=73 items=4233 skills=6877
[mongo] primary loaded users=8 characters=73 items=4233 skills=6877
[mongo] primary loaded users=8 characters=73 items=4233 skills=6877
[mongo] primary loaded users=8 characters=73 items=4233 skills=6877
[mongo] primary loaded users=8 characters=73 items=4233 skills=6877
[mongo] primary loaded users=8 characters=73 items=4233 skills=6877
[mongo] primary loaded users=8 characters=73 items=4233 skills=6877
[mongo] primary loaded users=8 characters=73 items=4233 skills=6877
[mongo] primary loaded users=8 characters=73 items=4233 skills=6877
[mongo] primary loaded users=8 characters=73 items=4233 skills=6877
[mongo] primary loaded users=8 characters=73 items=4233 skills=6877
[mongo] primary loaded users=8 characters=73 items=4233 skills=6877
[mongo] primary loaded users=8 characters=73 items=4233 skills=6877
[mongo] primary loaded users=8 characters=73 items=4233 skills=6877
[mongo] primary loaded users=8 characters=73 items=4233 skills=6877
[mongo] primary loaded users=8 characters=73 items=4233 skills=6877
[mongo] primary loaded users=8 characters=73 items=4233 skills=6877
[mongo] primary loaded users=8 characters=73 items=4233 skills=6877
[mongo] primary loaded users=8 characters=73 items=4233 skills=6877
[mongo] primary loaded users=8 characters=73 items=4233 skills=6877
[mongo] primary loaded users=8 characters=73 items=4233 skills=6877
[mongo] primary loaded users=8 characters=73 items=4233 skills=6877
[mongo] primary loaded users=8 characters=73 items=4233 skills=6877
[mongo] primary loaded users=8 characters=73 items=4233 skills=6877
[mongo] primary loaded users=8 characters=73 items=4233 skills=6877
[mongo] primary loaded users=8 characters=73 items=4233 skills=6877
[mongo] primary loaded users=8 characters=73 items=4233 skills=6877
[mongo] primary loaded users=8 characters=73 items=4233 skills=6877
[mongo] primary loaded users=8 characters=73 items=4233 skills=6877
[mongo] primary loaded users=8 characters=73 items=4233 skills=6877
[mongo] primary loaded users=8 characters=73 items=4233 skills=6877
[mongo] primary loaded users=8 characters=73 items=4233 skills=6877
[mongo] primary loaded users=8 characters=73 items=4233 skills=6877
[mongo] primary loaded users=8 characters=73 items=4233 skills=6877
[mongo] primary loaded users=8 characters=73 items=4233 skills=6877
[mongo] primary loaded users=8 characters=73 items=4233 skills=6877
[mongo] primary loaded users=8 characters=73 items=4233 skills=6877
[mongo] primary loaded users=8 characters=73 items=4233 skills=6877
[mongo] primary loaded users=8 characters=73 items=4233 skills=6877
[mongo] primary loaded users=8 characters=73 items=4233 skills=6877
[mongo] primary loaded users=8 characters=73 items=4233 skills=6877
[mongo] primary loaded users=8 characters=73 items=4233 skills=6877
[mongo] primary loaded users=8 characters=73 items=4233 skills=6877
[mongo] primary loaded users=8 characters=73 items=4233 skills=6877
[mongo] primary loaded users=8 characters=73 items=4233 skills=6877
[mongo] primary loaded users=8 characters=73 items=4233 skills=6877
[mongo] primary loaded users=8 characters=73 items=4233 skills=6877
[mongo] primary loaded users=8 characters=73 items=4233 skills=6877
[mongo] primary loaded users=8 characters=73 items=4233 skills=6877
[mongo] primary loaded users=8 characters=73 items=4233 skills=6877
[mongo] primary loaded users=8 characters=73 items=4233 skills=6877
[mongo] primary loaded users=8 characters=73 items=4233 skills=6877
[mongo] primary loaded users=8 characters=73 items=4233 skills=6877
[mongo] primary loaded users=8 characters=73 items=4233 skills=6877
[mongo] primary loaded users=8 characters=73 items=4233 skills=6877
[mongo] primary loaded users=8 characters=73 items=4233 skills=6877
[mongo] primary loaded users=8 characters=73 items=4233 skills=6877
[mongo] primary loaded users=8 characters=73 items=4233 skills=6877
[mongo] primary loaded users=8 characters=73 items=4233 skills=6877
[mongo] primary loaded users=8 characters=73 items=4233 skills=6877
[mongo] primary loaded users=8 characters=73 items=4233 skills=6877
[mongo] primary loaded users=8 characters=73 items=4233 skills=6877
[mongo] primary loaded users=8 characters=73 items=4233 skills=6877
[mongo] primary loaded users=8 characters=73 items=4233 skills=6877
[mongo] primary loaded users=8 characters=73 items=4233 skills=6877
[mongo] primary loaded users=8 characters=73 items=4233 skills=6877
[mongo] primary loaded users=8 characters=73 items=4233 skills=6877
[mongo] primary loaded users=8 characters=73 items=4233 skills=6877
[mongo] primary loaded users=8 characters=73 items=4233 skills=6877
[mongo] primary loaded users=8 characters=73 items=4233 skills=6877
[mongo] primary loaded users=8 characters=73 items=4233 skills=6877
[mongo] primary loaded users=8 characters=73 items=4233 skills=6877
[mongo] primary loaded users=8 characters=73 items=4233 skills=6877
[mongo] primary loaded users=8 characters=73 items=4233 skills=6877
[mongo] primary loaded users=8 characters=73 items=4233 skills=6877
[mongo] primary loaded users=8 characters=73 items=4233 skills=6877
[mongo] primary loaded users=8 characters=73 items=4233 skills=6877
[mongo] primary loaded users=8 characters=73 items=4233 skills=6877
[mongo] primary loaded users=8 characters=73 items=4233 skills=6877
[mongo] primary loaded users=8 characters=73 items=4233 skills=6877
[mongo] primary loaded users=8 characters=73 items=4233 skills=6877
[mongo] primary loaded users=8 characters=73 items=4233 skills=6877
[mongo] primary loaded users=8 characters=73 items=4233 skills=6877
[mongo] primary loaded users=8 characters=73 items=4233 skills=6877
[mongo] primary loaded users=8 characters=73 items=4233 skills=6877
[mongo] primary loaded users=8 characters=73 items=4233 skills=6877
[mongo] primary loaded users=8 characters=73 items=4233 skills=6877
[mongo] primary loaded users=8 characters=73 items=4233 skills=6877
[mongo] primary loaded users=8 characters=73 items=4233 skills=6877
[mongo] primary loaded users=8 characters=73 items=4233 skills=6877
[mongo] primary loaded users=8 characters=73 items=4233 skills=6877
Excel data loaded successfully
[excel] reloaded (fs.watch:change)
[mongo] primary loaded users=8 characters=73 items=4233 skills=6877
[mongo] primary loaded users=8 characters=73 items=4233 skills=6877
[mongo] primary loaded users=8 characters=73 items=4233 skills=6877
[mongo] primary loaded users=8 characters=73 items=4233 skills=6877
[mongo] primary loaded users=8 characters=73 items=4233 skills=6877
[mongo] primary loaded users=8 characters=73 items=4233 skills=6877
[mongo] primary loaded users=8 characters=73 items=4233 skills=6877
[mongo] primary loaded users=8 characters=73 items=4233 skills=6877
[mongo] primary loaded users=8 characters=73 items=4233 skills=6877
[mongo] primary loaded users=8 characters=73 items=4233 skills=6877
[mongo] primary loaded users=8 characters=73 items=4233 skills=6877
[mongo] primary loaded users=8 characters=73 items=4233 skills=6877
[mongo] primary loaded users=8 characters=73 items=4233 skills=6877
[mongo] primary loaded users=8 characters=73 items=4233 skills=6877
[mongo] primary loaded users=8 characters=73 items=4233 skills=6877
[mongo] primary loaded users=8 characters=73 items=4233 skills=6877
[mongo] primary loaded users=8 characters=73 items=4233 skills=6877
[mongo] primary loaded users=8 characters=73 items=4233 skills=6877
[mongo] primary loaded users=8 characters=73 items=4233 skills=6877
[mongo] primary loaded users=8 characters=73 items=4233 skills=6877
[mongo] primary loaded users=8 characters=73 items=4233 skills=6877
[mongo] primary loaded users=8 characters=73 items=4233 skills=6877
[mongo] primary loaded users=8 characters=73 items=4233 skills=6877
[mongo] primary loaded users=8 characters=73 items=4233 skills=6877
[mongo] primary loaded users=8 characters=73 items=4233 skills=6877
[mongo] primary loaded users=8 characters=73 items=4233 skills=6877
[mongo] primary loaded users=8 characters=73 items=4233 skills=6877
[mongo] primary loaded users=8 characters=73 items=4233 skills=6877
[mongo] primary loaded users=8 characters=73 items=4233 skills=6877
[mongo] primary loaded users=8 characters=73 items=4233 skills=6877
[mongo] primary loaded users=8 characters=73 items=4233 skills=6877
[mongo] primary loaded users=8 characters=73 items=4233 skills=6877
[mongo] primary loaded users=8 characters=73 items=4233 skills=6877
[mongo] primary loaded users=8 characters=73 items=4233 skills=6877
[mongo] primary loaded users=8 characters=73 items=4233 skills=6877
[mongo] primary loaded users=8 characters=73 items=4233 skills=6877
[mongo] primary loaded users=8 characters=73 items=4233 skills=6877
[mongo] primary loaded users=8 characters=73 items=4233 skills=6877
[mongo] primary loaded users=8 characters=73 items=4233 skills=6877
[mongo] primary loaded users=8 characters=73 items=4233 skills=6877
[mongo] primary loaded users=8 characters=73 items=4233 skills=6877
[mongo] primary loaded users=8 characters=73 items=4233 skills=6877
[mongo] primary loaded users=8 characters=73 items=4233 skills=6877
[mongo] primary loaded users=8 characters=73 items=4233 skills=6877
[mongo] primary loaded users=8 characters=73 items=4233 skills=6877
[mongo] primary loaded users=8 characters=73 items=4233 skills=6877
[mongo] primary loaded users=8 characters=73 items=4233 skills=6877
[mongo] primary loaded users=8 characters=73 items=4233 skills=6877
[mongo] primary loaded users=8 characters=73 items=4233 skills=6877
[mongo] primary loaded users=8 characters=73 items=4233 skills=6877
[mongo] primary loaded users=8 characters=73 items=4233 skills=6877
[mongo] primary loaded users=8 characters=73 items=4233 skills=6877
[mongo] primary loaded users=8 characters=73 items=4233 skills=6877
[mongo] primary loaded users=8 characters=73 items=4233 skills=6877
[mongo] primary loaded users=8 characters=73 items=4233 skills=6877
[mongo] primary loaded users=8 characters=73 items=4233 skills=6877
[mongo] primary loaded users=8 characters=73 items=4233 skills=6877
[mongo] primary loaded users=8 characters=73 items=4233 skills=6877
[mongo] primary loaded users=8 characters=73 items=4233 skills=6877
[mongo] primary loaded users=8 characters=73 items=4233 skills=6877
[mongo] primary loaded users=8 characters=73 items=4233 skills=6877
[mongo] primary loaded users=8 characters=73 items=4233 skills=6877
[mongo] primary loaded users=8 characters=73 items=4233 skills=6877
[mongo] primary loaded users=8 characters=73 items=4233 skills=6877
[mongo] primary loaded users=8 characters=73 items=4233 skills=6877
[mongo] primary loaded users=8 characters=73 items=4233 skills=6877
[mongo] primary loaded users=8 characters=73 items=4233 skills=6877
[mongo] primary loaded users=8 characters=73 items=4233 skills=6877
[mongo] primary loaded users=8 characters=73 items=4233 skills=6877
[mongo] primary loaded users=8 characters=73 items=4233 skills=6877
[mongo] primary loaded users=8 characters=73 items=4233 skills=6877
[mongo] primary loaded users=8 characters=73 items=4233 skills=6877
[mongo] primary loaded users=8 characters=73 items=4233 skills=6877
[mongo] primary loaded users=8 characters=73 items=4233 skills=6877
[mongo] primary loaded users=8 characters=73 items=4233 skills=6877
[mongo] primary loaded users=8 characters=73 items=4233 skills=6877
[mongo] primary loaded users=8 characters=73 items=4233 skills=6877
[mongo] primary loaded users=8 characters=73 items=4233 skills=6877
[mongo] primary loaded users=8 characters=73 items=4233 skills=6877
[mongo] primary loaded users=8 characters=73 items=4233 skills=6877
[mongo] primary loaded users=8 characters=73 items=4233 skills=6877
[mongo] primary loaded users=8 characters=73 items=4233 skills=6877
[mongo] primary loaded users=8 characters=73 items=4233 skills=6877
[mongo] primary loaded users=8 characters=73 items=4233 skills=6877
[mongo] primary loaded users=8 characters=73 items=4233 skills=6877
[mongo] primary loaded users=8 characters=73 items=4233 skills=6877
[mongo] primary loaded users=8 characters=73 items=4233 skills=6877
[mongo] primary loaded users=8 characters=73 items=4233 skills=6877
[mongo] primary loaded users=8 characters=73 items=4233 skills=6877
[mongo] primary loaded users=8 characters=73 items=4233 skills=6877
[mongo] primary loaded users=8 characters=73 items=4233 skills=6877
[mongo] primary loaded users=8 characters=73 items=4233 skills=6877
[mongo] primary loaded users=8 characters=73 items=4233 skills=6877
[mongo] primary loaded users=8 characters=73 items=4233 skills=6877
[mongo] primary loaded users=8 characters=73 items=4233 skills=6877
[mongo] primary loaded users=8 characters=73 items=4233 skills=6877
[mongo] primary loaded users=8 characters=73 items=4233 skills=6877
[mongo] primary loaded users=8 characters=73 items=4233 skills=6877
[mongo] primary loaded users=8 characters=73 items=4233 skills=6877
[mongo] primary loaded users=8 characters=73 items=4233 skills=6877
[mongo] primary loaded users=8 characters=73 items=4233 skills=6877
[mongo] primary loaded users=8 characters=73 items=4233 skills=6877
[mongo] primary loaded users=8 characters=73 items=4233 skills=6877
[mongo] primary loaded users=8 characters=73 items=4233 skills=6877
[mongo] primary loaded users=8 characters=73 items=4233 skills=6877
[mongo] primary loaded users=8 characters=73 items=4233 skills=6877
[mongo] primary loaded users=8 characters=73 items=4233 skills=6877
[mongo] primary loaded users=8 characters=73 items=4233 skills=6877
[mongo] primary loaded users=8 characters=73 items=4233 skills=6877
[mongo] primary loaded users=8 characters=73 items=4233 skills=6877
[mongo] primary loaded users=8 characters=73 items=4233 skills=6877
[mongo] primary loaded users=8 characters=73 items=4233 skills=6877
[mongo] primary loaded users=8 characters=73 items=4233 skills=6877
[mongo] primary loaded users=8 characters=73 items=4233 skills=6877
[mongo] primary loaded users=8 characters=73 items=4233 skills=6877
[mongo] primary loaded users=8 characters=73 items=4233 skills=6877
[mongo] primary loaded users=8 characters=73 items=4233 skills=6877
[mongo] primary loaded users=8 characters=73 items=4233 skills=6877
[mongo] primary loaded users=8 characters=73 items=4233 skills=6877
[mongo] primary loaded users=8 characters=73 items=4233 skills=6877
[mongo] primary loaded users=8 characters=73 items=4233 skills=6877
Excel data loaded successfully
[excel] reloaded (fs.watch:change)
[mongo] primary loaded users=8 characters=73 items=4233 skills=6877
[mongo] primary loaded users=8 characters=73 items=4233 skills=6877
[mongo] primary loaded users=8 characters=73 items=4233 skills=6877
[mongo] primary loaded users=8 characters=73 items=4233 skills=6877
[mongo] primary loaded users=8 characters=73 items=4233 skills=6877
[mongo] primary loaded users=8 characters=73 items=4233 skills=6877
[mongo] primary loaded users=8 characters=73 items=4233 skills=6877
[mongo] primary loaded users=8 characters=73 items=4233 skills=6877
[mongo] primary loaded users=8 characters=73 items=4233 skills=6877
[mongo] primary loaded users=8 characters=73 items=4233 skills=6877
[mongo] primary loaded users=8 characters=73 items=4233 skills=6877
[mongo] primary loaded users=8 characters=73 items=4233 skills=6877
[mongo] primary loaded users=8 characters=73 items=4233 skills=6877
[mongo] primary loaded users=8 characters=73 items=4233 skills=6877
[mongo] primary loaded users=8 characters=73 items=4233 skills=6877
[mongo] primary loaded users=8 characters=73 items=4233 skills=6877
[mongo] primary loaded users=8 characters=73 items=4233 skills=6877
[mongo] primary loaded users=8 characters=73 items=4233 skills=6877
[mongo] primary loaded users=8 characters=73 items=4233 skills=6877
[mongo] primary loaded users=8 characters=73 items=4233 skills=6877
[mongo] primary loaded users=8 characters=73 items=4233 skills=6877
[mongo] primary loaded users=8 characters=73 items=4233 skills=6877
[mongo] primary loaded users=8 characters=73 items=4233 skills=6877
[mongo] primary loaded users=8 characters=73 items=4233 skills=6877
[mongo] primary loaded users=8 characters=73 items=4233 skills=6877
[mongo] primary loaded users=8 characters=73 items=4233 skills=6877
[mongo] primary loaded users=8 characters=73 items=4233 skills=6877
[mongo] primary loaded users=8 characters=73 items=4233 skills=6877
[mongo] primary loaded users=8 characters=73 items=4233 skills=6877
[mongo] primary loaded users=8 characters=73 items=4233 skills=6877
[mongo] primary loaded users=8 characters=73 items=4233 skills=6877
[mongo] primary loaded users=8 characters=73 items=4233 skills=6877
[mongo] primary loaded users=8 characters=73 items=4233 skills=6877
[mongo] primary loaded users=8 characters=73 items=4233 skills=6877
[mongo] primary loaded users=8 characters=73 items=4233 skills=6877
[mongo] primary loaded users=8 characters=73 items=4233 skills=6877
[mongo] primary loaded users=8 characters=73 items=4233 skills=6877
[mongo] primary loaded users=8 characters=73 items=4233 skills=6877
[mongo] primary loaded users=8 characters=73 items=4233 skills=6877
[mongo] primary loaded users=8 characters=73 items=4233 skills=6877
[mongo] primary loaded users=8 characters=73 items=4233 skills=6877
[mongo] primary loaded users=8 characters=73 items=4233 skills=6877
[mongo] primary loaded users=8 characters=73 items=4233 skills=6877
[mongo] primary loaded users=8 characters=73 items=4233 skills=6877
[mongo] primary loaded users=8 characters=73 items=4233 skills=6877
[mongo] primary loaded users=8 characters=73 items=4233 skills=6877
[mongo] primary loaded users=8 characters=73 items=4233 skills=6877
[mongo] primary loaded users=8 characters=73 items=4233 skills=6877
[mongo] primary loaded users=8 characters=73 items=4233 skills=6877
[mongo] primary loaded users=8 characters=73 items=4233 skills=6877
[mongo] primary loaded users=8 characters=73 items=4233 skills=6877
[mongo] primary loaded users=8 characters=73 items=4233 skills=6877
[mongo] primary loaded users=8 characters=73 items=4233 skills=6877
[mongo] primary loaded users=8 characters=73 items=4233 skills=6877
[mongo] primary loaded users=8 characters=73 items=4233 skills=6877
[mongo] primary loaded users=8 characters=73 items=4233 skills=6877
[mongo] primary loaded users=8 characters=73 items=4233 skills=6877
[mongo] primary loaded users=8 characters=73 items=4233 skills=6877
[mongo] primary loaded users=8 characters=73 items=4233 skills=6877
[mongo] primary loaded users=8 characters=73 items=4233 skills=6877
[mongo] primary loaded users=8 characters=73 items=4233 skills=6877
[mongo] primary loaded users=8 characters=73 items=4233 skills=6877
[mongo] primary loaded users=8 characters=73 items=4233 skills=6877
[mongo] primary loaded users=8 characters=73 items=4233 skills=6877
[mongo] primary loaded users=8 characters=73 items=4233 skills=6877
[mongo] primary loaded users=8 characters=73 items=4233 skills=6877
[mongo] primary loaded users=8 characters=73 items=4233 skills=6877
[mongo] primary loaded users=8 characters=73 items=4233 skills=6877
[mongo] primary loaded users=8 characters=73 items=4233 skills=6877
[mongo] primary loaded users=8 characters=73 items=4233 skills=6877
[mongo] primary loaded users=8 characters=73 items=4233 skills=6877
[mongo] primary loaded users=8 characters=73 items=4233 skills=6877
[mongo] primary loaded users=8 characters=73 items=4233 skills=6877
[mongo] primary loaded users=8 characters=73 items=4233 skills=6877
[mongo] primary loaded users=8 characters=73 items=4233 skills=6877
[mongo] primary loaded users=8 characters=73 items=4233 skills=6877
[mongo] primary loaded users=8 characters=73 items=4233 skills=6877
[mongo] primary loaded users=8 characters=73 items=4233 skills=6877
[mongo] primary loaded users=8 characters=73 items=4233 skills=6877
[mongo] primary loaded users=8 characters=73 items=4233 skills=6877
[mongo] primary loaded users=8 characters=73 items=4233 skills=6877
[mongo] primary loaded users=8 characters=73 items=4233 skills=6877
[mongo] primary loaded users=8 characters=73 items=4233 skills=6877
[mongo] primary loaded users=8 characters=73 items=4233 skills=6877
[mongo] primary loaded users=8 characters=73 items=4233 skills=6877
[mongo] primary loaded users=8 characters=73 items=4233 skills=6877
[mongo] primary loaded users=8 characters=73 items=4233 skills=6877
[mongo] primary loaded users=8 characters=73 items=4233 skills=6877
[mongo] primary loaded users=8 characters=73 items=4233 skills=6877
[mongo] primary loaded users=8 characters=73 items=4233 skills=6877
[mongo] primary loaded users=8 characters=73 items=4233 skills=6877
[mongo] primary loaded users=8 characters=73 items=4233 skills=6877
[mongo] primary loaded users=8 characters=73 items=4233 skills=6877
[mongo] primary loaded users=8 characters=73 items=4233 skills=6877
[mongo] primary loaded users=8 characters=73 items=4233 skills=6877
[mongo] primary loaded users=8 characters=73 items=4233 skills=6877
[mongo] primary loaded users=8 characters=73 items=4233 skills=6877
[mongo] primary loaded users=8 characters=73 items=4233 skills=6877
[mongo] primary loaded users=8 characters=73 items=4233 skills=6877
[mongo] primary loaded users=8 characters=73 items=4233 skills=6877
[mongo] primary loaded users=8 characters=73 items=4233 skills=6877
[mongo] primary loaded users=8 characters=73 items=4233 skills=6877
[mongo] primary loaded users=8 characters=73 items=4233 skills=6877
[mongo] primary loaded users=8 characters=73 items=4233 skills=6877
[mongo] primary loaded users=8 characters=73 items=4233 skills=6877
[mongo] primary loaded users=8 characters=73 items=4233 skills=6877
[mongo] primary loaded users=8 characters=73 items=4233 skills=6877
[mongo] primary loaded users=8 characters=73 items=4233 skills=6877
[mongo] primary loaded users=8 characters=73 items=4233 skills=6877
[mongo] primary loaded users=8 characters=73 items=4233 skills=6877
[mongo] primary loaded users=8 characters=73 items=4233 skills=6877
[mongo] primary loaded users=8 characters=73 items=4233 skills=6877
[mongo] primary loaded users=8 characters=73 items=4233 skills=6877
[mongo] primary loaded users=8 characters=73 items=4233 skills=6877
[mongo] primary loaded users=8 characters=73 items=4233 skills=6877
[mongo] primary loaded users=8 characters=73 items=4233 skills=6877
[mongo] primary loaded users=8 characters=73 items=4233 skills=6877
[mongo] primary loaded users=8 characters=73 items=4233 skills=6877
[mongo] primary loaded users=8 characters=73 items=4233 skills=6877
[mongo] primary loaded users=8 characters=73 items=4233 skills=6877
[mongo] primary loaded users=8 characters=73 items=4233 skills=6877
[mongo] primary loaded users=8 characters=73 items=4233 skills=6877
[mongo] primary loaded users=8 characters=73 items=4233 skills=6877
[mongo] primary loaded users=8 characters=73 items=4233 skills=6877
[mongo] primary loaded users=8 characters=73 items=4233 skills=6877
[mongo] primary loaded users=8 characters=73 items=4233 skills=6877
[mongo] primary loaded users=8 characters=73 items=4233 skills=6877
[mongo] primary loaded users=8 characters=73 items=4233 skills=6877
[mongo] primary loaded users=8 characters=73 items=4233 skills=6877
[mongo] primary loaded users=8 characters=73 items=4233 skills=6877
[mongo] primary loaded users=8 characters=73 items=4233 skills=6877
[mongo] primary loaded users=8 characters=73 items=4233 skills=6877
[mongo] primary loaded users=8 characters=73 items=4233 skills=6877
[mongo] primary loaded users=8 characters=73 items=4233 skills=6877
[mongo] primary loaded users=8 characters=73 items=4233 skills=6877
[mongo] primary loaded users=8 characters=73 items=4233 skills=6877
[mongo] primary loaded users=8 characters=73 items=4233 skills=6877
[mongo] primary loaded users=8 characters=73 items=4233 skills=6877
[mongo] primary loaded users=8 characters=73 items=4233 skills=6877
[mongo] primary loaded users=8 characters=73 items=4233 skills=6877
[mongo] primary loaded users=8 characters=73 items=4233 skills=6877
[mongo] primary loaded users=8 characters=73 items=4233 skills=6877
[mongo] primary loaded users=8 characters=73 items=4233 skills=6877
[mongo] primary loaded users=8 characters=73 items=4233 skills=6877
[mongo] primary loaded users=8 characters=73 items=4233 skills=6877
[mongo] primary loaded users=8 characters=73 items=4233 skills=6877
[mongo] primary loaded users=8 characters=73 items=4233 skills=6877
[mongo] primary loaded users=8 characters=73 items=4233 skills=6877
[mongo] primary loaded users=8 characters=73 items=4233 skills=6877
[mongo] primary loaded users=8 characters=73 items=4233 skills=6877
[mongo] primary loaded users=8 characters=73 items=4233 skills=6877
[mongo] primary loaded users=8 characters=73 items=4233 skills=6877
[mongo] primary loaded users=8 characters=73 items=4233 skills=6877
[mongo] primary loaded users=8 characters=73 items=4233 skills=6877
[mongo] primary loaded users=8 characters=73 items=4233 skills=6877
[mongo] primary loaded users=8 characters=73 items=4233 skills=6877
[mongo] primary loaded users=8 characters=73 items=4233 skills=6877
[mongo] primary loaded users=8 characters=73 items=4233 skills=6877
[mongo] primary loaded users=8 characters=73 items=4233 skills=6877
[mongo] primary loaded users=8 characters=73 items=4233 skills=6877
[mongo] primary loaded users=8 characters=73 items=4233 skills=6877
[mongo] primary loaded users=8 characters=73 items=4233 skills=6877
[mongo] primary loaded users=8 characters=73 items=4233 skills=6877
[mongo] primary loaded users=8 characters=73 items=4233 skills=6877
[mongo] primary loaded users=8 characters=73 items=4233 skills=6877
[mongo] primary loaded users=8 characters=73 items=4233 skills=6877
[mongo] primary loaded users=8 characters=73 items=4233 skills=6877
[mongo] primary loaded users=8 characters=73 items=4233 skills=6877
[mongo] primary loaded users=8 characters=73 items=4233 skills=6877
[mongo] primary loaded users=8 characters=73 items=4233 skills=6877
[mongo] primary loaded users=8 characters=73 items=4233 skills=6877
[mongo] primary loaded users=8 characters=73 items=4233 skills=6877
[mongo] primary loaded users=8 characters=73 items=4233 skills=6877
[mongo] primary loaded users=8 characters=73 items=4233 skills=6877
[mongo] primary loaded users=8 characters=73 items=4233 skills=6877
[mongo] primary loaded users=8 characters=73 items=4233 skills=6877
[mongo] primary loaded users=8 characters=73 items=4233 skills=6877
[mongo] primary loaded users=8 characters=73 items=4233 skills=6877
[mongo] primary loaded users=8 characters=73 items=4233 skills=6877
[mongo] primary loaded users=8 characters=73 items=4233 skills=6877
[mongo] primary loaded users=8 characters=73 items=4233 skills=6877
[mongo] primary loaded users=8 characters=73 items=4233 skills=6877
[mongo] primary loaded users=8 characters=73 items=4233 skills=6877
[mongo] primary loaded users=8 characters=73 items=4233 skills=6877
[mongo] primary loaded users=8 characters=73 items=4233 skills=6877
[mongo] primary loaded users=8 characters=73 items=4233 skills=6877
[mongo] primary loaded users=8 characters=73 items=4233 skills=6877
[mongo] primary loaded users=8 characters=73 items=4233 skills=6877
[mongo] primary loaded users=8 characters=73 items=4233 skills=6877
[mongo] primary loaded users=8 characters=73 items=4233 skills=6877
[mongo] primary loaded users=8 characters=73 items=4233 skills=6877
[mongo] primary loaded users=8 characters=73 items=4233 skills=6877
[mongo] primary loaded users=8 characters=73 items=4233 skills=6877
[mongo] primary loaded users=8 characters=73 items=4233 skills=6877
[mongo] primary loaded users=8 characters=73 items=4233 skills=6877
[mongo] primary loaded users=8 characters=73 items=4233 skills=6877
[mongo] primary loaded users=8 characters=73 items=4233 skills=6877
[mongo] primary loaded users=8 characters=73 items=4233 skills=6877
[mongo] primary loaded users=8 characters=73 items=4233 skills=6877
[mongo] primary loaded users=8 characters=73 items=4233 skills=6877
[mongo] primary loaded users=8 characters=73 items=4233 skills=6877
[mongo] primary loaded users=8 characters=73 items=4233 skills=6877
[mongo] primary loaded users=8 characters=73 items=4233 skills=6877
[mongo] primary loaded users=8 characters=73 items=4233 skills=6877
[mongo] primary loaded users=8 characters=73 items=4233 skills=6877
[mongo] primary loaded users=8 characters=73 items=4233 skills=6877
[mongo] primary loaded users=8 characters=73 items=4233 skills=6877
[mongo] primary loaded users=8 characters=73 items=4233 skills=6877
[mongo] primary loaded users=8 characters=73 items=4233 skills=6877
[mongo] primary loaded users=8 characters=73 items=4233 skills=6877
[mongo] primary loaded users=8 characters=73 items=4233 skills=6877
[mongo] primary loaded users=8 characters=73 items=4233 skills=6877
[mongo] primary loaded users=8 characters=73 items=4233 skills=6877
[mongo] primary loaded users=8 characters=73 items=4233 skills=6877
[mongo] primary loaded users=8 characters=73 items=4233 skills=6877
[mongo] primary loaded users=8 characters=73 items=4233 skills=6877
[mongo] primary loaded users=8 characters=73 items=4233 skills=6877
[mongo] primary loaded users=8 characters=73 items=4233 skills=6877
Excel data loaded successfully
[excel] reloaded (fs.watch:change)
[mongo] primary loaded users=8 characters=73 items=4233 skills=6877
[mongo] primary loaded users=8 characters=73 items=4233 skills=6877
[mongo] primary loaded users=8 characters=73 items=4233 skills=6877
[mongo] primary loaded users=8 characters=73 items=4233 skills=6877
[mongo] primary loaded users=8 characters=73 items=4233 skills=6877
[mongo] primary loaded users=8 characters=73 items=4233 skills=6877
[mongo] primary loaded users=8 characters=73 items=4233 skills=6877
[mongo] primary loaded users=8 characters=73 items=4233 skills=6877
[mongo] primary loaded users=8 characters=73 items=4233 skills=6877
[mongo] primary loaded users=8 characters=73 items=4233 skills=6877
[mongo] primary loaded users=8 characters=73 items=4233 skills=6877
[mongo] primary loaded users=8 characters=73 items=4233 skills=6877
[mongo] primary loaded users=8 characters=73 items=4233 skills=6877
[mongo] primary loaded users=8 characters=73 items=4233 skills=6877
[mongo] primary loaded users=8 characters=73 items=4233 skills=6877
[mongo] primary loaded users=8 characters=73 items=4233 skills=6877
[mongo] primary loaded users=8 characters=73 items=4233 skills=6877
[mongo] primary loaded users=8 characters=73 items=4233 skills=6877
[mongo] primary loaded users=8 characters=73 items=4233 skills=6877
[mongo] primary loaded users=8 characters=73 items=4233 skills=6877
[mongo] primary loaded users=8 characters=73 items=4233 skills=6877
[mongo] primary loaded users=8 characters=73 items=4233 skills=6877
[mongo] primary loaded users=8 characters=73 items=4233 skills=6877
[mongo] primary loaded users=8 characters=73 items=4233 skills=6877
[mongo] primary loaded users=8 characters=73 items=4233 skills=6877
[mongo] primary loaded users=8 characters=73 items=4233 skills=6877
[mongo] primary loaded users=8 characters=73 items=4233 skills=6877
